[Sunday/November 06/11/2022 20:20:57] /mnt/2. TV Shows/Ted Lasso (2019)/Season 1/Ted.Lasso.S01E07.Make.Rebecca.Great.Again.720p.WEBRip.2CH.x265.HEVC-PSA.mkv | length=1928.01 | time=7.966
[Sunday/November 06/11/2022 20:50:47] /home/aayu/Mounts/ddlbottd/Stashed/Movies/Once.Upon.a.Time.in.Hollywood.2019.1080p.10bit.BluRay.6CH.x265.HEVC-PSA.mkv | length=9689.68 | time=322.072
[Sunday/November 06/11/2022 20:51:15] /home/aayu/Mounts/ddlbottd/Stashed/Movies/Once.Upon.a.Time.in.Hollywood.2019.1080p.10bit.BluRay.6CH.x265.HEVC-PSA.mkv | length=9689.68 | time=326.952
[Sunday/November 06/11/2022 21:26:29] /home/aayu/Mounts/ddlbottd/Stashed/Movies/Once.Upon.a.Time.in.Hollywood.2019.1080p.10bit.BluRay.6CH.x265.HEVC-PSA.mkv | length=9689.68 | time=1310.142
[Sunday/November 06/11/2022 21:28:56] "Ex-Men: Jean Grey" | https://www.youtube.com/watch?v=I-iMVsi0IuY | length=259.681 | time=259.65814583333
[Sunday/November 06/11/2022 21:50:20] "Ex-Men: Jean Grey" | https://www.youtube.com/watch?v=I-iMVsi0IuY | length=259.681 | time=23.366
[Sunday/November 06/11/2022 22:03:41] /mnt/3. Stuff/Music/Music Videos/Ariana Grande/Ariana Grande, The Weeknd - Love Me Harder-g5qU7p7yOY8.mkv | length=250.961 | time=19.603
[Monday/November 07/11/2022 16:44:15] "PSArips.com | The.Peanut.Butter.Falcon.2019.1080p.10bit.BluRay.6CH.x265.HEVC-PSA" | https://aio-index.oh-fork.workers.dev/api/download/The.Peanut.Butter.Falcon.2019.1080p.10bit.BluRay.6CH.x265.HEVC-PSA.mkv?expired=1667889324735&id=1eAOt_KnEAhqU5dp0UL7ygrM_Xbhr2_ON&sig=672a024093ec315054868f369e8fda80097a25250bee6b37be7795c9ac2317d7 | length=5816.978 | time=5475.053
[Monday/November 07/11/2022 18:03:28] "Neighbors (2014)" | https://aio-index.oh-fork.workers.dev/api/download/Neighbors%20(2014)%20(1080p%20BluRay%20x265%2010bit%20K1tKat).mkv?expired=1667906262082&id=1kmXtXOwLqi8J13hKOjc1Lrvg3k4WiDr9&sig=7148d75224279d928828184f5843f1f8eaabf459345fb0a77b09875eb7ef093f | length=5801.824 | time=5519.764
[Monday/November 07/11/2022 20:08:14] "PSArips.com | Neighbors.2.Sorority.Rising.2016.1080p.10bit.BluRay.6CH.x265.HEVC-PSA" | https://aio-index.oh-fork.workers.dev/api/download/Neighbors.2.Sorority.Rising.2016.1080p.10bit.BluRay.6CH.x265.HEVC-PSA.mkv?expired=1667918263830&id=1tQhzeQRkHhbJiSIS1kVQJ6K6rTIEHCt1&sig=e47fc146032be85790446c69f3e2845781f13848d896388de9c02257a8e8eae8 | length=5543.83 | time=54.972
[Monday/November 07/11/2022 20:10:35] "PSArips.com | Neighbors.2.Sorority.Rising.2016.1080p.10bit.BluRay.6CH.x265.HEVC-PSA" | https://aio-index.oh-fork.workers.dev/api/download/Neighbors.2.Sorority.Rising.2016.1080p.10bit.BluRay.6CH.x265.HEVC-PSA.mkv?expired=1667918263830&id=1tQhzeQRkHhbJiSIS1kVQJ6K6rTIEHCt1&sig=e47fc146032be85790446c69f3e2845781f13848d896388de9c02257a8e8eae8 | length=5543.83 | time=137.888
[Monday/November 07/11/2022 20:14:57] "Pig (2021) (1080p BluRay x265 10bit Tigole).mkv?expired=1667918572991&id=1E40TF628qBA-0b8fU-BSkrlM62H4LDa_&sig=7057d3ec8631289b4d8ef86ca683417aef05d6e1593a261714fec2d745645c18" | https://aio-index.oh-fork.workers.dev/api/download/Pig%20(2021)%20(1080p%20BluRay%20x265%2010bit%20Tigole).mkv?expired=1667918572991&id=1E40TF628qBA-0b8fU-BSkrlM62H4LDa_&sig=7057d3ec8631289b4d8ef86ca683417aef05d6e1593a261714fec2d745645c18 | length=5478.484 | time=164.081
[Monday/November 07/11/2022 20:16:15] "Pig (2021) (1080p AMZN WEB-DL x265 HEVC 10bit EAC3 5.1 Bandi)" | https://aio-index.oh-fork.workers.dev/api/download/Pig%20(2021)%20(1080p%20AMZN%20WEB-DL%20x265%20HEVC%2010bit%20EAC3%205.1%20Bandi).mkv?expired=1667918719716&id=1ffI8xnQud4CiZV5wBFdEC_SsTLwVuvXl&sig=6584d8912a43115e14bd80fee0e50cc8f882b0518ac97c7e4ab026a4ee3bf70a | length=5510.784 | time=13.555
[Monday/November 07/11/2022 20:18:01] "PSArips.com | Pig.2021.1080p.10bit.BluRay.6CH.x265.HEVC-PSA" | https://aio-index.oh-fork.workers.dev/api/download/Pig.2021.1080p.10bit.BluRay.6CH.x265.HEVC-PSA.mkv?expired=1667918801528&id=1u2F_vt6rIVNREfm5t2nL89i0jNEeaVlc&sig=909f9eb2666ac51c61aa4e9def52f9f91cf95611bc2f180530b7be4e51a1d34e | length=5478.473 | time=163.663
[Monday/November 07/11/2022 20:19:09] "Pig.2021.1080p.WEB-DL.DD5.1.H.264-CMRG.mkv?expired=1667918892684&id=1-dM0ALWpLkllFk6C5i34UgdcUerMTTE0&sig=c193928bde0655ae81e472ad0992676ee3426a098f0d566c96d6dd24915b7e93" | https://aio-index.oh-fork.workers.dev/api/download/Pig.2021.1080p.WEB-DL.DD5.1.H.264-CMRG.mkv?expired=1667918892684&id=1-dM0ALWpLkllFk6C5i34UgdcUerMTTE0&sig=c193928bde0655ae81e472ad0992676ee3426a098f0d566c96d6dd24915b7e93 | length=5510.816 | time=97.462
[Monday/November 07/11/2022 20:20:05] "PSArips.com | Pig.2021.1080p.10bit.BluRay.6CH.x265.HEVC-PSA" | https://aio-index.oh-fork.workers.dev/api/download/Pig.2021.1080p.10bit.BluRay.6CH.x265.HEVC-PSA.mkv?expired=1667918801528&id=1u2F_vt6rIVNREfm5t2nL89i0jNEeaVlc&sig=909f9eb2666ac51c61aa4e9def52f9f91cf95611bc2f180530b7be4e51a1d34e | length=5478.473 | time=148.013
[Monday/November 07/11/2022 20:21:27] "Pig.2021.1080p.WEBRip.x264-RARBG" | https://aio-index.oh-fork.workers.dev/api/download/Pig.2021.1080p.WEBRip.x264-RARBG.mp4?expired=1667919046088&id=1GPI5y16Qau4nDIYtCXLmDPGX5DU2Yftg&sig=c012bd7bcf79234cba73fb74d7126f67aaf70141856cc17ec3d99e4fce0a4364 | length=5510.859 | time=5.8391725058392
[Monday/November 07/11/2022 21:50:52] /home/aayu/Mounts/ddlbottd/Pig.2021.1080p.WEB-DL.DD5.1.H.264-CMRG.mkv | length=5510.816 | time=5510.714
[Tuesday/November 08/11/2022 14:30:53] "Knocked Up" | https://aio-index.oh-fork.workers.dev/api/download/Knocked%20Up%202007%20(1080p%20x265%2010bit%20Tigole).mkv?expired=1667976349440&id=1U3DcQLEdXhPCmfaATeZKrh3KoDy3Gkty&sig=8a9a49e090ae730333fe967abfc2d922f653519c6ec71b483e211d6196ec3b8e | length=7977.299 | time=7713.581
[Tuesday/November 08/11/2022 21:57:41] /home/aayu/Mounts/ddlbottd/Pineapple Express 2008  (1080p x265 q22 FS66 Joy).mkv | length=7200 | time=6594.88
[Wednesday/November 09/11/2022 09:53:05] /home/aayu/Mounts/ddlbottd/Copy of An.American.Pickle.2020.1080p.WEB.H264-SECRECY.mkv | length=5305.536 | time=371.326
[Wednesday/November 09/11/2022 19:11:10] "PSArips.com | The.Northman.2022.1080p.10bit.BluRay.8CH.x265.HEVC-PSA" | https://aio-index.oh-fork.workers.dev/api/download/The.Northman.2022.1080p.10bit.BluRay.8CH.x265.HEVC-PSA.mkv?expired=1668082517140&id=1BgBy5-TrU_s6A41OhXIbA6B5qGly0DVP&sig=bea49b770a378033d1b716f7bf5414b1de2771264afe8485702861bd31284731 | length=8213.578 | time=7793.577
[Wednesday/November 09/11/2022 21:02:24] "Andor.S01E10.1080p.DSNP.WEB-DL.DDP5.1.H.264-NTb.mkv" | https://ddl-bot.oh-fork.workers.dev/Dump/Andor/Season%201/Andor.S01E10.1080p.DSNP.WEB-DL.DDP5.1.H.264-NTb.mkv | length=2567.712 | time=2382.458
[Thursday/November 10/11/2022 10:09:34] "CAREER OPPORTUNITIES Clip - ''Two Robbers'' (1991)" | https://youtu.be/Pt3G7kqVv9s | length=175.061 | time=21.08
[Thursday/November 10/11/2022 10:11:59] "CAREER OPPORTUNITIES Clip - ''Two Robbers'' (1991)" | https://youtu.be/Pt3G7kqVv9s | length=175.061 | time=159.12
